TN:
SF:src/lambdas/assignPlayersToTeams.ts
FN:10,(anonymous_0)
FN:32,(anonymous_1)
FNF:2
FNH:2
FNDA:2,(anonymous_0)
FNDA:2,(anonymous_1)
DA:1,1
DA:2,1
DA:3,1
DA:4,1
DA:10,1
DA:11,2
DA:12,2
DA:13,1
DA:16,1
DA:19,1
DA:21,1
DA:31,1
DA:33,2
DA:45,1
DA:55,1
DA:56,1
DA:57,1
DA:60,1
LF:18
LH:18
BRDA:12,0,0,1
BRDA:32,1,0,1
BRDA:32,1,1,0
BRDA:55,2,0,1
BRDA:55,2,1,0
BRF:5
BRH:3
end_of_record
TN:
SF:src/lambdas/broadcastEvent.ts
FN:17,(anonymous_0)
FN:41,(anonymous_1)
FNF:2
FNH:1
FNDA:2,(anonymous_0)
FNDA:0,(anonymous_1)
DA:1,2
DA:2,2
DA:3,2
DA:4,2
DA:5,2
DA:6,2
DA:8,2
DA:17,2
DA:18,2
DA:19,2
DA:20,2
DA:22,2
DA:23,1
DA:24,1
DA:27,1
DA:31,1
DA:33,1
DA:36,1
DA:38,1
DA:41,1
DA:42,0
DA:43,0
DA:57,0
DA:58,0
DA:68,1
DA:70,1
DA:77,1
DA:78,1
DA:93,1
DA:95,0
DA:102,2
LF:31
LH:26
BRDA:22,0,0,1
BRDA:36,1,0,1
BRDA:36,1,1,1
BRDA:57,2,0,0
BRDA:77,3,0,1
BRDA:87,4,0,1
BRDA:87,4,1,0
BRF:7
BRH:5
end_of_record
TN:
SF:src/lambdas/deactivatePastTournaments.ts
FN:6,(anonymous_0)
FN:18,(anonymous_1)
FNF:2
FNH:2
FNDA:1,(anonymous_0)
FNDA:2,(anonymous_1)
DA:1,1
DA:2,1
DA:3,1
DA:4,1
DA:6,1
DA:7,1
DA:8,1
DA:17,1
DA:19,2
DA:31,1
DA:32,1
DA:33,1
DA:36,1
LF:13
LH:13
BRDA:18,0,0,1
BRDA:18,0,1,0
BRDA:31,1,0,1
BRDA:31,1,1,0
BRF:4
BRH:2
end_of_record
TN:
SF:src/lambdas/draftApi.ts
FN:24,(anonymous_0)
FN:26,(anonymous_1)
FN:34,(anonymous_2)
FN:41,(anonymous_3)
FN:48,(anonymous_4)
FN:52,(anonymous_5)
FN:126,(anonymous_6)
FNF:7
FNH:7
FNDA:8,(anonymous_0)
FNDA:4,(anonymous_1)
FNDA:2,(anonymous_2)
FNDA:5,(anonymous_3)
FNDA:3,(anonymous_4)
FNDA:8,(anonymous_5)
FNDA:8,(anonymous_6)
DA:1,1
DA:2,1
DA:3,1
DA:4,1
DA:5,1
DA:24,1
DA:25,8
DA:26,8
DA:27,8
DA:28,8
DA:29,16
DA:31,8
DA:34,2
DA:41,1
DA:42,5
DA:43,5
DA:45,5
DA:48,5
DA:49,5
DA:52,1
DA:53,8
DA:54,8
DA:55,8
DA:56,8
DA:58,8
DA:59,1
DA:61,7
DA:62,1
DA:65,6
DA:66,6
DA:67,6
DA:73,6
DA:74,6
DA:75,1
DA:78,5
DA:79,1
DA:82,4
DA:83,2
DA:84,2
DA:85,1
DA:87,1
DA:90,2
DA:91,1
DA:92,1
DA:93,1
DA:103,1
DA:113,1
DA:114,1
DA:117,1
DA:119,0
DA:120,0
DA:124,1
DA:127,8
DA:128,8
DA:129,4
DA:130,3
LF:56
LH:54
BRDA:25,0,0,4
BRDA:25,0,1,4
BRDA:26,1,0,4
BRDA:26,1,1,0
BRDA:42,2,0,5
BRDA:42,2,1,2
BRDA:45,3,0,5
BRDA:45,3,1,4
BRDA:45,3,2,1
BRDA:45,3,3,0
BRDA:48,4,0,5
BRDA:48,4,1,0
BRDA:48,5,0,3
BRDA:48,5,1,3
BRDA:49,6,0,5
BRDA:49,6,1,1
BRDA:58,7,0,1
BRDA:58,8,0,8
BRDA:58,8,1,7
BRDA:61,9,0,1
BRDA:74,10,0,1
BRDA:78,11,0,1
BRDA:82,12,0,2
BRDA:84,13,0,1
BRDA:90,14,0,1
BRDA:91,15,0,1
BRDA:91,15,1,0
BRDA:92,16,0,1
BRDA:92,16,1,0
BRDA:96,17,0,1
BRDA:96,17,1,0
BRDA:97,18,0,1
BRDA:97,18,1,0
BRDA:98,19,0,0
BRDA:98,19,1,1
BRDA:98,20,0,1
BRDA:98,20,1,1
BRDA:128,21,0,4
BRDA:129,22,0,1
BRF:39
BRH:31
end_of_record
TN:
SF:src/lambdas/loadTournament.ts
FN:9,(anonymous_0)
FNF:1
FNH:1
FNDA:3,(anonymous_0)
DA:1,1
DA:2,1
DA:3,1
DA:9,1
DA:10,3
DA:11,3
DA:12,1
DA:15,2
DA:27,2
DA:28,2
DA:29,1
DA:30,1
DA:31,1
DA:34,1
DA:37,1
LF:15
LH:15
BRDA:11,0,0,1
BRDA:28,1,0,1
BRF:2
BRH:2
end_of_record
TN:
SF:src/lambdas/lockTeamsForSubmission.ts
FN:11,(anonymous_0)
FNF:1
FNH:1
FNDA:3,(anonymous_0)
DA:1,1
DA:2,1
DA:3,1
DA:4,1
DA:11,1
DA:12,3
DA:13,3
DA:14,1
DA:17,2
DA:19,2
DA:29,2
DA:30,2
DA:33,1
LF:13
LH:13
BRDA:13,0,0,1
BRDA:17,1,0,2
BRDA:17,1,1,1
BRDA:17,1,2,1
BRF:4
BRH:4
end_of_record
TN:
SF:src/lambdas/registrationsApi.ts
FN:7,(anonymous_0)
FNF:1
FNH:1
FNDA:3,(anonymous_0)
DA:1,1
DA:2,1
DA:3,1
DA:4,1
DA:5,1
DA:7,1
DA:8,3
DA:9,1
DA:12,2
DA:13,2
DA:14,2
DA:16,2
DA:17,1
DA:20,1
DA:34,1
DA:35,1
DA:38,1
LF:17
LH:17
BRDA:8,0,0,1
BRDA:12,1,0,2
BRDA:12,1,1,0
BRDA:16,2,0,1
BRDA:16,3,0,2
BRDA:16,3,1,1
BRDA:26,4,0,1
BRDA:26,4,1,0
BRF:8
BRH:6
end_of_record
TN:
SF:src/lambdas/startAssignmentWorkflow.ts
FN:9,(anonymous_0)
FNF:1
FNH:1
FNDA:3,(anonymous_0)
DA:1,3
DA:2,3
DA:3,3
DA:4,3
DA:6,3
DA:7,3
DA:9,3
DA:10,3
DA:11,3
DA:13,3
DA:17,3
DA:18,0
DA:20,3
DA:21,1
DA:32,2
DA:33,2
DA:35,2
DA:36,2
DA:42,2
DA:48,2
DA:49,2
DA:50,2
DA:66,1
DA:70,2
DA:80,0
DA:81,0
DA:94,3
LF:27
LH:24
BRDA:10,0,0,3
BRDA:10,0,1,0
BRDA:10,1,0,0
BRDA:10,1,1,0
BRDA:11,2,0,3
BRDA:11,2,1,1
BRDA:11,2,2,1
BRDA:13,3,0,3
BRDA:13,3,1,1
BRDA:13,3,2,1
BRDA:17,4,0,0
BRDA:20,5,0,1
BRDA:48,6,0,2
BRF:13
BRH:9
end_of_record
TN:
SF:src/lambdas/teamsApi.ts
FN:10,(anonymous_0)
FN:21,(anonymous_1)
FN:23,(anonymous_2)
FN:29,(anonymous_3)
FN:36,(anonymous_4)
FN:45,(anonymous_5)
FN:66,(anonymous_6)
FN:68,(anonymous_7)
FN:69,(anonymous_8)
FN:75,(anonymous_9)
FN:77,(anonymous_10)
FN:124,(anonymous_11)
FN:126,(anonymous_12)
FN:215,(anonymous_13)
FN:216,(anonymous_14)
FN:245,(anonymous_15)
FNF:16
FNH:13
FNDA:11,(anonymous_0)
FNDA:4,(anonymous_1)
FNDA:0,(anonymous_2)
FNDA:0,(anonymous_3)
FNDA:0,(anonymous_4)
FNDA:14,(anonymous_5)
FNDA:3,(anonymous_6)
FNDA:6,(anonymous_7)
FNDA:2,(anonymous_8)
FNDA:3,(anonymous_9)
FNDA:6,(anonymous_10)
FNDA:1,(anonymous_11)
FNDA:1,(anonymous_12)
FNDA:3,(anonymous_13)
FNDA:2,(anonymous_14)
FNDA:14,(anonymous_15)
DA:1,1
DA:2,1
DA:3,1
DA:4,1
DA:5,1
DA:6,1
DA:8,1
DA:10,1
DA:11,11
DA:13,9
DA:14,9
DA:15,72
DA:17,9
DA:18,9
DA:21,1
DA:22,4
DA:23,0
DA:24,0
DA:25,0
DA:29,0
DA:34,0
DA:35,0
DA:36,0
DA:37,0
DA:38,0
DA:39,0
DA:42,0
DA:45,1
DA:46,14
DA:47,14
DA:48,14
DA:49,14
DA:50,14
DA:51,1
DA:54,13
DA:55,3
DA:64,3
DA:65,3
DA:66,3
DA:67,3
DA:68,6
DA:69,2
DA:70,3
DA:71,3
DA:73,3
DA:75,3
DA:76,3
DA:77,3
DA:78,6
DA:79,2
DA:80,2
DA:81,2
DA:85,3
DA:94,3
DA:95,3
DA:98,10
DA:99,5
DA:100,1
DA:102,4
DA:104,4
DA:106,4
DA:107,4
DA:108,1
DA:110,3
DA:111,1
DA:115,2
DA:124,2
DA:125,1
DA:126,1
DA:128,2
DA:129,1
DA:132,1
DA:133,1
DA:134,1
DA:135,1
DA:137,1
DA:138,1
DA:140,1
DA:154,1
DA:163,1
DA:178,1
DA:179,1
DA:189,5
DA:190,4
DA:191,1
DA:194,3
DA:195,3
DA:201,3
DA:202,3
DA:203,1
DA:206,2
DA:207,2
DA:208,1
DA:212,1
DA:213,1
DA:215,3
DA:217,2
DA:229,1
DA:236,1
DA:237,1
DA:240,1
DA:243,1
DA:246,14
DA:247,14
DA:248,10
DA:249,5
DA:250,1
LF:107
LH:96
BRDA:11,0,0,2
BRDA:22,1,0,4
BRDA:23,2,0,0
BRDA:23,2,1,0
BRDA:24,3,0,0
BRDA:35,4,0,0
BRDA:35,4,1,0
BRDA:37,5,0,0
BRDA:37,5,1,0
BRDA:38,6,0,0
BRDA:38,7,0,0
BRDA:38,7,1,0
BRDA:50,8,0,1
BRDA:54,9,0,3
BRDA:54,10,0,13
BRDA:54,10,1,3
BRDA:64,11,0,3
BRDA:64,11,1,0
BRDA:67,12,0,3
BRDA:67,12,1,0
BRDA:68,13,0,6
BRDA:68,13,1,6
BRDA:70,14,0,2
BRDA:71,15,0,2
BRDA:77,16,0,3
BRDA:77,16,1,0
BRDA:78,17,0,2
BRDA:78,18,0,6
BRDA:78,18,1,6
BRDA:79,19,0,2
BRDA:79,19,1,2
BRDA:80,20,0,2
BRDA:87,21,0,3
BRDA:87,21,1,3
BRDA:88,22,0,3
BRDA:88,22,1,3
BRDA:90,23,0,3
BRDA:90,23,1,0
BRDA:94,24,0,3
BRDA:94,24,1,0
BRDA:98,25,0,5
BRDA:98,26,0,10
BRDA:98,26,1,5
BRDA:99,27,0,1
BRDA:102,28,0,4
BRDA:102,28,1,0
BRDA:104,29,0,4
BRDA:104,29,1,1
BRDA:107,30,0,1
BRDA:110,31,0,1
BRDA:124,32,0,2
BRDA:124,32,1,0
BRDA:125,33,0,1
BRDA:125,33,1,0
BRDA:128,34,0,1
BRDA:132,35,0,0
BRDA:132,35,1,1
BRDA:132,36,0,1
BRDA:132,36,1,0
BRDA:151,37,0,1
BRDA:151,37,1,1
BRDA:181,38,0,1
BRDA:181,38,1,1
BRDA:182,39,0,1
BRDA:182,39,1,1
BRDA:184,40,0,1
BRDA:184,40,1,1
BRDA:189,41,0,4
BRDA:189,42,0,5
BRDA:189,42,1,4
BRDA:190,43,0,1
BRDA:202,44,0,1
BRDA:206,45,0,2
BRDA:206,45,1,1
BRDA:207,46,0,1
BRDA:212,47,0,1
BRDA:212,47,1,0
BRDA:215,48,0,3
BRDA:215,48,1,3
BRDA:215,48,2,3
BRDA:247,49,0,4
BRDA:248,50,0,5
BRDA:249,51,0,4
BRF:83
BRH:62
end_of_record
TN:
SF:src/lambdas/tournamentsApi.ts
FN:7,(anonymous_0)
FNF:1
FNH:1
FNDA:5,(anonymous_0)
DA:1,1
DA:2,1
DA:3,1
DA:4,1
DA:5,1
DA:7,1
DA:8,5
DA:10,5
DA:11,4
DA:12,2
DA:19,2
DA:20,2
DA:21,1
DA:23,1
DA:24,1
DA:27,2
DA:35,2
DA:36,2
DA:39,1
DA:42,1
LF:20
LH:20
BRDA:10,0,0,4
BRDA:11,1,0,2
BRDA:20,2,0,1
BRDA:35,3,0,2
BRDA:35,3,1,1
BRDA:36,4,0,2
BRDA:36,4,1,1
BRF:7
BRH:7
end_of_record
TN:
SF:src/lambdas/websocketHandler.ts
FN:20,(anonymous_0)
FN:54,(anonymous_1)
FN:62,handleConnect
FN:76,handleDisconnect
FN:86,handleMessage
FN:109,sendMessage
FN:138,broadcastToAll
FN:149,(anonymous_7)
FNF:8
FNH:6
FNDA:4,(anonymous_0)
FNDA:4,(anonymous_1)
FNDA:1,handleConnect
FNDA:1,handleDisconnect
FNDA:1,handleMessage
FNDA:1,sendMessage
FNDA:0,broadcastToAll
FNDA:0,(anonymous_7)
DA:1,4
DA:2,4
DA:3,4
DA:4,4
DA:5,4
DA:7,4
DA:8,4
DA:20,4
DA:21,4
DA:22,4
DA:23,4
DA:25,4
DA:27,4
DA:28,4
DA:30,1
DA:31,1
DA:34,1
DA:35,1
DA:38,1
DA:39,1
DA:42,1
DA:43,1
DA:46,0
DA:47,0
DA:51,4
DA:55,4
DA:56,4
DA:57,3
DA:58,2
DA:63,1
DA:73,1
DA:77,1
DA:83,1
DA:91,1
DA:92,1
DA:95,1
DA:96,1
DA:98,0
DA:105,0
DA:109,4
DA:114,1
DA:115,1
DA:123,0
DA:125,0
DA:132,0
DA:138,4
DA:139,0
DA:140,0
DA:141,0
DA:144,0
DA:145,0
DA:148,0
DA:150,0
DA:154,0
LF:54
LH:39
BRDA:28,0,0,1
BRDA:28,0,1,1
BRDA:28,0,2,1
BRDA:28,0,3,1
BRDA:56,1,0,1
BRDA:57,2,0,1
BRDA:92,3,0,1
BRDA:92,3,1,0
BRDA:95,4,0,1
BRDA:95,4,1,0
BRDA:123,5,0,0
BRDA:123,5,1,0
BRDA:145,6,0,0
BRDA:145,6,1,0
BRF:14
BRH:8
end_of_record
TN:
SF:src/shared/http.ts
FN:1,(anonymous_0)
FNF:1
FNH:1
FNDA:30,(anonymous_0)
DA:1,30
LF:1
LH:1
BRF:0
BRH:0
end_of_record
TN:
SF:src/shared/logger.ts
FN:3,(anonymous_0)
FN:15,(anonymous_1)
FN:16,(anonymous_2)
FN:17,(anonymous_3)
FN:18,(anonymous_4)
FNF:5
FNH:3
FNDA:24,(anonymous_0)
FNDA:17,(anonymous_1)
FNDA:0,(anonymous_2)
FNDA:7,(anonymous_3)
FNDA:0,(anonymous_4)
DA:3,15
DA:4,24
DA:12,24
DA:15,17
DA:16,15
DA:17,15
DA:18,15
LF:7
LH:7
BRDA:3,0,0,0
BRDA:15,1,0,17
BRDA:15,1,1,0
BRDA:16,2,0,0
BRDA:16,2,1,0
BRDA:17,3,0,7
BRDA:17,3,1,0
BRDA:18,4,0,0
BRDA:18,4,1,0
BRF:9
BRH:2
end_of_record
TN:
SF:src/shared/observability.ts
FN:16,(anonymous_0)
FN:18,(anonymous_1)
FN:72,(anonymous_2)
FN:73,(anonymous_3)
FN:74,(anonymous_4)
FN:74,(anonymous_5)
FN:88,(anonymous_6)
FN:89,(anonymous_7)
FN:90,(anonymous_8)
FN:90,(anonymous_9)
FNF:10
FNH:10
FNDA:18,(anonymous_0)
FNDA:18,(anonymous_1)
FNDA:9,(anonymous_2)
FNDA:9,(anonymous_3)
FNDA:18,(anonymous_4)
FNDA:18,(anonymous_5)
FNDA:6,(anonymous_6)
FNDA:6,(anonymous_7)
FNDA:11,(anonymous_8)
FNDA:11,(anonymous_9)
DA:1,15
DA:2,15
DA:4,15
DA:5,15
DA:6,15
DA:16,18
DA:18,15
DA:27,18
DA:31,18
DA:32,18
DA:34,18
DA:35,18
DA:36,18
DA:37,18
DA:38,18
DA:39,18
DA:40,18
DA:41,18
DA:42,18
DA:43,18
DA:46,18
DA:53,18
DA:56,18
DA:57,15
DA:58,15
DA:62,18
DA:64,18
DA:65,18
DA:66,18
DA:67,10
DA:71,15
DA:72,15
DA:73,9
DA:74,18
DA:75,18
DA:76,18
DA:77,18
DA:78,18
DA:79,18
DA:81,0
DA:82,0
DA:83,0
DA:87,15
DA:88,15
DA:89,6
DA:90,11
DA:91,11
DA:92,11
DA:93,11
DA:94,11
DA:95,11
DA:96,11
DA:97,11
DA:98,11
DA:99,7
DA:100,7
DA:101,7
DA:103,4
DA:104,4
DA:105,4
DA:106,4
DA:107,4
LF:62
LH:59
BRDA:4,0,0,15
BRDA:4,0,1,15
BRDA:5,1,0,15
BRDA:5,1,1,15
BRDA:6,2,0,15
BRDA:6,2,1,15
BRDA:27,3,0,18
BRDA:27,3,1,18
BRDA:27,3,2,18
BRDA:27,3,3,0
BRDA:31,4,0,18
BRDA:31,4,1,0
BRDA:31,5,0,0
BRDA:31,5,1,0
BRDA:40,6,0,18
BRDA:40,6,1,14
BRDA:42,7,0,18
BRDA:42,7,1,18
BRDA:43,8,0,18
BRDA:43,8,1,10
BRDA:53,9,0,12
BRDA:53,9,1,6
BRDA:56,10,0,15
BRDA:66,11,0,10
BRDA:66,12,0,18
BRDA:66,12,1,8
BRDA:72,13,0,0
BRF:27
BRH:22
end_of_record
